2023-05-17 21:29:07,007 WARN RocketmqClient - updateTopicRouteInfoFromNameServer Exception
org.apache.rocketmq.remoting.exception.RemotingConnectException: connect to <null> failed
	at org.apache.rocketmq.remoting.netty.NettyRemotingClient.invokeSync(NettyRemotingClient.java:392)
	at org.apache.rocketmq.client.impl.MQClientAPIImpl.getTopicRouteInfoFromNameServer(MQClientAPIImpl.java:1331)
	at org.apache.rocketmq.client.impl.MQClientAPIImpl.getDefaultTopicRouteInfoFromNameServer(MQClientAPIImpl.java:1315)
	at org.apache.rocketmq.client.impl.factory.MQClientInstance.updateTopicRouteInfoFromNameServer(MQClientInstance.java:618)
	at org.apache.rocketmq.client.impl.producer.DefaultMQProducerImpl.tryToFindTopicPublishInfo(DefaultMQProducerImpl.java:677)
	at org.apache.rocketmq.client.impl.producer.DefaultMQProducerImpl.sendDefaultImpl(DefaultMQProducerImpl.java:530)
	at org.apache.rocketmq.client.impl.producer.DefaultMQProducerImpl.send(DefaultMQProducerImpl.java:1310)
	at org.apache.rocketmq.client.impl.producer.DefaultMQProducerImpl.send(DefaultMQProducerImpl.java:1256)
	at org.apache.rocketmq.client.producer.DefaultMQProducer.send(DefaultMQProducer.java:339)
	at org.apache.rocketmq.example.quickstart.Producer.main(Producer.java:67)

2023-05-17 22:16:31,031 INFO RocketmqRemoting - name server address updated. NEW : [localhost:9876] , OLD: null
2023-05-17 22:16:31,031 INFO RocketmqClient - user specified name server address: localhost:9876
2023-05-17 22:16:31,031 INFO RocketmqClient - Created a new client Instance, InstanceIndex:0, ClientID:192.168.31.136@1684332991402, ClientConfig:ClientConfig [namesrvAddr=localhost:9876, clientIP=192.168.31.136, instanceName=1684332991402, clientCallbackExecutorThreads=1, pollNameServerInterval=30000, heartbeatBrokerInterval=30000, persistConsumerOffsetInterval=5000, unitMode=false, unitName=null, vipChannelEnabled=false, useTLS=false, language=JAVA, namespace=null], ClientVersion:V4_5_2, SerializerType:JSON
2023-05-17 22:16:31,031 INFO RocketmqClient - Created new MQClientInstance for clientId:[192.168.31.136@1684332991402]
2023-05-17 22:16:31,031 INFO RocketmqCommon - Try to start service thread:PullMessageService started:false lastThread:null
2023-05-17 22:16:31,031 INFO RocketmqCommon - Try to start service thread:RebalanceService started:false lastThread:null
2023-05-17 22:16:31,031 INFO RocketmqClient - PullMessageService service started
2023-05-17 22:16:31,031 INFO RocketmqClient - the producer [CLIENT_INNER_PRODUCER] start OK. sendMessageWithVIPChannel=false
2023-05-17 22:16:31,031 INFO RocketmqClient - the client factory [192.168.31.136@1684332991402] start OK
2023-05-17 22:16:31,031 INFO RocketmqClient - the adminExt [admin_ext_group] start OK
2023-05-17 22:16:31,031 INFO RocketmqRemoting - new name server is chosen. OLD: null , NEW: localhost:9876. namesrvIndex = 470
2023-05-17 22:16:31,031 INFO RocketmqClient - RebalanceService service started
2023-05-17 22:16:31,031 DEBUG io.netty.buffer.ByteBufUtil - -Dio.netty.allocator.type: unpooled
2023-05-17 22:16:31,031 DEBUG io.netty.buffer.ByteBufUtil - -Dio.netty.threadLocalDirectBufferSize: 65536
2023-05-17 22:16:31,031 DEBUG io.netty.buffer.ByteBufUtil - -Dio.netty.maxThreadLocalCharBufferSize: 16384
2023-05-17 22:16:31,031 DEBUG io.netty.buffer.ByteBufUtil - -Dio.netty.allocator.type: unpooled
2023-05-17 22:16:31,031 DEBUG io.netty.buffer.ByteBufUtil - -Dio.netty.threadLocalDirectBufferSize: 65536
2023-05-17 22:16:31,031 DEBUG io.netty.buffer.ByteBufUtil - -Dio.netty.maxThreadLocalCharBufferSize: 16384
2023-05-17 22:16:31,031 DEBUG io.netty.buffer.ByteBufUtil - -Dio.netty.allocator.type: unpooled
2023-05-17 22:16:31,031 DEBUG io.netty.buffer.ByteBufUtil - -Dio.netty.threadLocalDirectBufferSize: 65536
2023-05-17 22:16:31,031 DEBUG io.netty.buffer.ByteBufUtil - -Dio.netty.maxThreadLocalCharBufferSize: 16384
2023-05-17 22:16:31,031 INFO RocketmqRemoting - createChannel: begin to connect remote host[localhost:9876] asynchronously
2023-05-17 22:16:31,031 DEBUG io.netty.util.internal.JavassistTypeParameterMatcherGenerator - Generated: io.netty.util.internal.__matchers__.org.apache.rocketmq.remoting.protocol.RemotingCommandMatcher
2023-05-17 22:16:31,031 DEBUG io.netty.util.internal.JavassistTypeParameterMatcherGenerator - Generated: io.netty.util.internal.__matchers__.org.apache.rocketmq.remoting.protocol.RemotingCommandMatcher
2023-05-17 22:16:31,031 DEBUG io.netty.util.internal.JavassistTypeParameterMatcherGenerator - Generated: io.netty.util.internal.__matchers__.org.apache.rocketmq.remoting.protocol.RemotingCommandMatcher
2023-05-17 22:16:31,031 INFO RocketmqRemoting - NETTY CLIENT PIPELINE: CONNECT  UNKNOWN => ocalhost/127.0.0.1:9876
2023-05-17 22:16:31,031 INFO RocketmqRemoting - createChannel: connect remote host[localhost:9876] success, DefaultChannelPromise@4550bb58(success)
2023-05-17 22:16:32,032 DEBUG io.netty.util.ResourceLeakDetectorFactory - Loaded default ResourceLeakDetector: io.netty.util.ResourceLeakDetector@30c00d54
2023-05-17 22:16:32,032 DEBUG io.netty.util.ResourceLeakDetectorFactory - Loaded default ResourceLeakDetector: io.netty.util.ResourceLeakDetector@30c00d54
2023-05-17 22:16:32,032 DEBUG io.netty.util.ResourceLeakDetectorFactory - Loaded default ResourceLeakDetector: io.netty.util.ResourceLeakDetector@30c00d54
2023-05-17 22:16:32,032 INFO RocketmqClient - the producer [CLIENT_INNER_PRODUCER] shutdown OK
2023-05-17 22:16:32,032 INFO RocketmqCommon - Try to shutdown service thread:PullMessageService started:true lastThread:Thread[PullMessageService,5,main]
2023-05-17 22:16:32,032 INFO RocketmqCommon - shutdown thread PullMessageService interrupt true
2023-05-17 22:16:32,032 INFO RocketmqClient - PullMessageService service end
2023-05-17 22:16:32,032 INFO RocketmqCommon - join thread PullMessageService elapsed time(ms) 7 90000
2023-05-17 22:16:32,032 INFO RocketmqRemoting - closeChannel: begin close the channel[127.0.0.1:9876] Found: false
2023-05-17 22:16:32,032 INFO RocketmqRemoting - closeChannel: the channel[127.0.0.1:9876] has been removed from the channel table before
2023-05-17 22:16:32,032 INFO RocketmqRemoting - shutdown thread NettyEventExecutor interrupt false
2023-05-17 22:16:32,032 INFO RocketmqRemoting - join thread NettyEventExecutor elapsed time(ms) 0 90000
2023-05-17 22:16:32,032 INFO RocketmqRemoting - NETTY CLIENT PIPELINE: CLOSE 127.0.0.1:9876
2023-05-17 22:16:32,032 INFO RocketmqRemoting - eventCloseChannel: the channel[null] has been removed from the channel table before
2023-05-17 22:16:32,032 INFO RocketmqRemoting - closeChannel: close the connection to remote address[127.0.0.1:9876] result: true
2023-05-17 22:16:32,032 INFO RocketmqCommon - Try to shutdown service thread:RebalanceService started:true lastThread:Thread[RebalanceService,5,main]
2023-05-17 22:16:32,032 INFO RocketmqCommon - shutdown thread RebalanceService interrupt false
2023-05-17 22:16:32,032 INFO RocketmqClient - RebalanceService service end
2023-05-17 22:16:32,032 INFO RocketmqClient - the client factory [192.168.31.136@1684332991402] shutdown OK
2023-05-17 22:16:32,032 INFO RocketmqClient - the adminExt [admin_ext_group] shutdown OK
2023-05-17 22:16:32,032 INFO RocketmqCommon - join thread RebalanceService elapsed time(ms) 3 90000
2023-05-17 22:18:41,041 INFO RocketmqRemoting - name server address updated. NEW : [localhost:9876] , OLD: null
2023-05-17 22:18:41,041 INFO RocketmqClient - user specified name server address: localhost:9876
2023-05-17 22:18:41,041 INFO RocketmqClient - Created a new client Instance, InstanceIndex:0, ClientID:192.168.31.136@1684333120953, ClientConfig:ClientConfig [namesrvAddr=localhost:9876, clientIP=192.168.31.136, instanceName=1684333120953, clientCallbackExecutorThreads=1, pollNameServerInterval=30000, heartbeatBrokerInterval=30000, persistConsumerOffsetInterval=5000, unitMode=false, unitName=null, vipChannelEnabled=false, useTLS=false, language=JAVA, namespace=null], ClientVersion:V4_5_2, SerializerType:JSON
2023-05-17 22:18:41,041 INFO RocketmqClient - Created new MQClientInstance for clientId:[192.168.31.136@1684333120953]
2023-05-17 22:18:41,041 INFO RocketmqCommon - Try to start service thread:PullMessageService started:false lastThread:null
2023-05-17 22:18:41,041 INFO RocketmqCommon - Try to start service thread:RebalanceService started:false lastThread:null
2023-05-17 22:18:41,041 INFO RocketmqClient - PullMessageService service started
2023-05-17 22:18:41,041 INFO RocketmqClient - the producer [CLIENT_INNER_PRODUCER] start OK. sendMessageWithVIPChannel=false
2023-05-17 22:18:41,041 INFO RocketmqClient - the client factory [192.168.31.136@1684333120953] start OK
2023-05-17 22:18:41,041 INFO RocketmqClient - the adminExt [admin_ext_group] start OK
2023-05-17 22:18:41,041 INFO RocketmqRemoting - new name server is chosen. OLD: null , NEW: localhost:9876. namesrvIndex = 967
2023-05-17 22:18:41,041 INFO RocketmqClient - RebalanceService service started
2023-05-17 22:18:41,041 DEBUG io.netty.buffer.ByteBufUtil - -Dio.netty.allocator.type: unpooled
2023-05-17 22:18:41,041 DEBUG io.netty.buffer.ByteBufUtil - -Dio.netty.threadLocalDirectBufferSize: 65536
2023-05-17 22:18:41,041 DEBUG io.netty.buffer.ByteBufUtil - -Dio.netty.maxThreadLocalCharBufferSize: 16384
2023-05-17 22:18:41,041 DEBUG io.netty.buffer.ByteBufUtil - -Dio.netty.allocator.type: unpooled
2023-05-17 22:18:41,041 DEBUG io.netty.buffer.ByteBufUtil - -Dio.netty.threadLocalDirectBufferSize: 65536
2023-05-17 22:18:41,041 DEBUG io.netty.buffer.ByteBufUtil - -Dio.netty.maxThreadLocalCharBufferSize: 16384
2023-05-17 22:18:41,041 DEBUG io.netty.buffer.ByteBufUtil - -Dio.netty.allocator.type: unpooled
2023-05-17 22:18:41,041 DEBUG io.netty.buffer.ByteBufUtil - -Dio.netty.threadLocalDirectBufferSize: 65536
2023-05-17 22:18:41,041 DEBUG io.netty.buffer.ByteBufUtil - -Dio.netty.maxThreadLocalCharBufferSize: 16384
2023-05-17 22:18:41,041 INFO RocketmqRemoting - createChannel: begin to connect remote host[localhost:9876] asynchronously
2023-05-17 22:18:41,041 DEBUG io.netty.util.internal.JavassistTypeParameterMatcherGenerator - Generated: io.netty.util.internal.__matchers__.org.apache.rocketmq.remoting.protocol.RemotingCommandMatcher
2023-05-17 22:18:41,041 DEBUG io.netty.util.internal.JavassistTypeParameterMatcherGenerator - Generated: io.netty.util.internal.__matchers__.org.apache.rocketmq.remoting.protocol.RemotingCommandMatcher
2023-05-17 22:18:41,041 DEBUG io.netty.util.internal.JavassistTypeParameterMatcherGenerator - Generated: io.netty.util.internal.__matchers__.org.apache.rocketmq.remoting.protocol.RemotingCommandMatcher
2023-05-17 22:18:41,041 INFO RocketmqRemoting - NETTY CLIENT PIPELINE: CONNECT  UNKNOWN => ocalhost/127.0.0.1:9876
2023-05-17 22:18:41,041 INFO RocketmqRemoting - createChannel: connect remote host[localhost:9876] success, DefaultChannelPromise@4550bb58(success)
2023-05-17 22:18:41,041 DEBUG io.netty.util.ResourceLeakDetectorFactory - Loaded default ResourceLeakDetector: io.netty.util.ResourceLeakDetector@1f7139c6
2023-05-17 22:18:41,041 DEBUG io.netty.util.ResourceLeakDetectorFactory - Loaded default ResourceLeakDetector: io.netty.util.ResourceLeakDetector@1f7139c6
2023-05-17 22:18:41,041 DEBUG io.netty.util.ResourceLeakDetectorFactory - Loaded default ResourceLeakDetector: io.netty.util.ResourceLeakDetector@1f7139c6
2023-05-17 22:18:41,041 INFO RocketmqClient - the producer [CLIENT_INNER_PRODUCER] shutdown OK
2023-05-17 22:18:41,041 INFO RocketmqCommon - Try to shutdown service thread:PullMessageService started:true lastThread:Thread[PullMessageService,5,main]
2023-05-17 22:18:41,041 INFO RocketmqCommon - shutdown thread PullMessageService interrupt true
2023-05-17 22:18:41,041 INFO RocketmqClient - PullMessageService service end
2023-05-17 22:18:41,041 INFO RocketmqRemoting - closeChannel: begin close the channel[127.0.0.1:9876] Found: false
2023-05-17 22:18:41,041 INFO RocketmqRemoting - closeChannel: the channel[127.0.0.1:9876] has been removed from the channel table before
2023-05-17 22:18:41,041 INFO RocketmqRemoting - shutdown thread NettyEventExecutor interrupt false
2023-05-17 22:18:41,041 INFO RocketmqRemoting - join thread NettyEventExecutor elapsed time(ms) 0 90000
2023-05-17 22:18:41,041 INFO RocketmqCommon - join thread PullMessageService elapsed time(ms) 4 90000
2023-05-17 22:18:41,041 INFO RocketmqRemoting - NETTY CLIENT PIPELINE: CLOSE 127.0.0.1:9876
2023-05-17 22:18:41,041 INFO RocketmqRemoting - eventCloseChannel: the channel[null] has been removed from the channel table before
2023-05-17 22:18:41,041 INFO RocketmqRemoting - closeChannel: close the connection to remote address[127.0.0.1:9876] result: true
2023-05-17 22:18:41,041 INFO RocketmqCommon - Try to shutdown service thread:RebalanceService started:true lastThread:Thread[RebalanceService,5,main]
2023-05-17 22:18:41,041 INFO RocketmqCommon - shutdown thread RebalanceService interrupt false
2023-05-17 22:18:41,041 INFO RocketmqClient - RebalanceService service end
2023-05-17 22:18:41,041 INFO RocketmqCommon - join thread RebalanceService elapsed time(ms) 2 90000
2023-05-17 22:18:41,041 INFO RocketmqClient - the client factory [192.168.31.136@1684333120953] shutdown OK
2023-05-17 22:18:41,041 INFO RocketmqClient - the adminExt [admin_ext_group] shutdown OK
